{
  "RSpec": {
    "coverage": {
      "/Users/cotncandy05/Desktop/deployment/therealityleague/app/controllers/contestants_controller.rb": [
        1,
        null
      ],
      "/Users/cotncandy05/Desktop/deployment/therealityleague/app/controllers/application_controller.rb": [
        1,
        null,
        null,
        1,
        null,
        1,
        1,
        null,
        1,
        null,
        1,
        0,
        null,
        null,
        1,
        10,
        0,
        null,
        null,
        10,
        10,
        null,
        null,
        null,
        1,
        5,
        0,
        null,
        5,
        null,
        null,
        null,
        1,
        0,
        null,
        null,
        1,
        null
      ],
      "/Users/cotncandy05/Desktop/deployment/therealityleague/app/controllers/episodes_controller.rb": [
        1,
        null
      ],
      "/Users/cotncandy05/Desktop/deployment/therealityleague/app/controllers/leagues_controller.rb": [
        1,
        null,
        1,
        1,
        null,
        1,
        1,
        null,
        null,
        1,
        0,
        0,
        0,
        0,
        null,
        0,
        0,
        null,
        0,
        0,
        0,
        null,
        null,
        null,
        1,
        null,
        null,
        1,
        0,
        null,
        null,
        1,
        null,
        null,
        1,
        null,
        1,
        0,
        null,
        null
      ],
      "/Users/cotncandy05/Desktop/deployment/therealityleague/app/controllers/pages_controller.rb": [
        1,
        1,
        0,
        null,
        null,
        null,
        1,
        null,
        null,
        null
      ],
      "/Users/cotncandy05/Desktop/deployment/therealityleague/app/controllers/rosters_controller.rb": [
        1,
        null
      ],
      "/Users/cotncandy05/Desktop/deployment/therealityleague/app/controllers/rounds_controller.rb": [
        1,
        null
      ],
      "/Users/cotncandy05/Desktop/deployment/therealityleague/app/controllers/shows_controller.rb": [
        1,
        null
      ],
      "/Users/cotncandy05/Desktop/deployment/therealityleague/app/controllers/users_controller.rb": [
        1,
        null,
        1,
        1,
        null,
        1,
        0,
        null,
        null,
        1,
        0,
        null,
        null,
        1,
        3,
        3,
        1,
        1,
        null,
        1,
        1,
        null,
        2,
        2,
        2,
        null,
        null,
        null,
        1,
        0,
        null,
        null,
        1,
        0,
        0,
        null,
        0,
        0,
        null,
        null,
        null,
        1,
        null,
        null,
        null,
        1,
        null,
        1,
        3,
        null,
        null,
        1,
        0,
        null,
        null,
        1,
        3,
        null,
        null,
        1,
        0,
        null,
        null
      ],
      "/Users/cotncandy05/Desktop/deployment/therealityleague/app/models/contestant.rb": [
        null,
        null,
        null,
        null,
        null,
        null,
        null,
        null,
        null,
        null,
        null,
        null,
        null,
        null,
        null,
        1,
        1,
        1,
        null,
        1,
        1,
        null
      ],
      "/Users/cotncandy05/Desktop/deployment/therealityleague/app/models/episode.rb": [
        null,
        null,
        null,
        null,
        null,
        null,
        null,
        null,
        null,
        1,
        1,
        1,
        null,
        1,
        1,
        null
      ],
      "/Users/cotncandy05/Desktop/deployment/therealityleague/app/models/league.rb": [
        null,
        null,
        null,
        null,
        null,
        null,
        null,
        null,
        null,
        null,
        null,
        null,
        null,
        null,
        null,
        null,
        null,
        1,
        1,
        1,
        1,
        1,
        1,
        null,
        1,
        null,
        1,
        1,
        null,
        1,
        1,
        15,
        null,
        null,
        1,
        15,
        null,
        null,
        1,
        30,
        15,
        15,
        null,
        null,
        null,
        null,
        null
      ],
      "/Users/cotncandy05/Desktop/deployment/therealityleague/app/models/roster.rb": [
        null,
        null,
        null,
        null,
        null,
        null,
        null,
        null,
        null,
        null,
        null,
        1,
        1,
        1,
        1,
        null,
        1,
        1,
        null,
        null
      ],
      "/Users/cotncandy05/Desktop/deployment/therealityleague/app/models/round.rb": [
        null,
        null,
        null,
        null,
        null,
        null,
        null,
        null,
        null,
        1,
        1,
        1,
        null
      ],
      "/Users/cotncandy05/Desktop/deployment/therealityleague/app/models/show.rb": [
        null,
        null,
        null,
        null,
        null,
        null,
        null,
        null,
        null,
        null,
        null,
        null,
        null,
        null,
        null,
        1,
        1,
        1,
        1,
        1,
        null,
        null,
        1,
        1,
        1,
        null,
        null,
        null,
        1,
        null,
        0,
        null,
        null,
        null
      ],
      "/Users/cotncandy05/Desktop/deployment/therealityleague/app/models/user.rb": [
        null,
        null,
        null,
        null,
        null,
        null,
        null,
        null,
        null,
        null,
        null,
        null,
        null,
        null,
        null,
        1,
        null,
        1,
        null,
        1,
        1,
        1,
        1,
        1,
        null,
        1,
        1,
        1,
        1,
        1,
        null,
        null,
        null
      ]
    },
    "timestamp": 1408352407
  }
}
