{
  "RSpec": {
    "coverage": {
      "/Users/Fai/Desktop/deployment/reality_app/app/helpers/application_helper.rb": [
        1,
        null
      ],
      "/Users/Fai/Desktop/deployment/reality_app/app/helpers/contestants_helper.rb": [
        1,
        null
      ],
      "/Users/Fai/Desktop/deployment/reality_app/app/helpers/episodes_helper.rb": [
        1,
        null
      ],
      "/Users/Fai/Desktop/deployment/reality_app/app/helpers/leagues_helper.rb": [
        1,
        null
      ],
      "/Users/Fai/Desktop/deployment/reality_app/app/helpers/rosters_helper.rb": [
        1,
        null
      ],
      "/Users/Fai/Desktop/deployment/reality_app/app/helpers/rounds_helper.rb": [
        1,
        null
      ],
      "/Users/Fai/Desktop/deployment/reality_app/app/helpers/shows_helper.rb": [
        1,
        null
      ],
      "/Users/Fai/Desktop/deployment/reality_app/app/helpers/users_helper.rb": [
        1,
        null
      ],
      "/Users/Fai/Desktop/deployment/reality_app/app/controllers/contestants_controller.rb": [
        1,
        null
      ],
      "/Users/Fai/Desktop/deployment/reality_app/app/controllers/application_controller.rb": [
        1,
        null,
        null,
        1,
        null
      ],
      "/Users/Fai/Desktop/deployment/reality_app/app/controllers/episodes_controller.rb": [
        1,
        null
      ],
      "/Users/Fai/Desktop/deployment/reality_app/app/controllers/leagues_controller.rb": [
        1,
        1,
        0,
        null,
        null,
        1,
        0,
        0,
        0,
        0,
        null,
        0,
        0,
        null,
        0,
        0,
        0,
        null,
        null,
        null,
        1,
        null,
        1,
        0,
        null,
        null
      ],
      "/Users/Fai/Desktop/deployment/reality_app/app/controllers/rosters_controller.rb": [
        1,
        null
      ],
      "/Users/Fai/Desktop/deployment/reality_app/app/controllers/rounds_controller.rb": [
        1,
        null
      ],
      "/Users/Fai/Desktop/deployment/reality_app/app/controllers/shows_controller.rb": [
        1,
        null
      ],
      "/Users/Fai/Desktop/deployment/reality_app/app/controllers/users_controller.rb": [
        1,
        1,
        1,
        null,
        1,
        0,
        null,
        null,
        1,
        0,
        0,
        0,
        0,
        null,
        0,
        0,
        null,
        0,
        0,
        0,
        null,
        null,
        null,
        1,
        null,
        null,
        null,
        1,
        null,
        null,
        null,
        1,
        null,
        null,
        null,
        1,
        null,
        1,
        0,
        null,
        null,
        1,
        0,
        null,
        null,
        1,
        0,
        null,
        null,
        1,
        0,
        null,
        null
      ],
      "/Users/Fai/Desktop/deployment/reality_app/app/models/contestant.rb": [
        null,
        null,
        null,
        null,
        null,
        null,
        null,
        null,
        null,
        null,
        null,
        null,
        null,
        null,
        null,
        1,
        1,
        1,
        null
      ],
      "/Users/Fai/Desktop/deployment/reality_app/app/models/episode.rb": [
        null,
        null,
        null,
        null,
        null,
        null,
        null,
        null,
        1,
        1,
        1,
        null
      ],
      "/Users/Fai/Desktop/deployment/reality_app/app/models/league.rb": [
        null,
        null,
        null,
        null,
        null,
        null,
        null,
        null,
        null,
        null,
        null,
        null,
        null,
        null,
        null,
        null,
        null,
        1,
        1,
        1,
        1,
        1,
        1,
        null,
        1,
        null,
        1,
        1,
        6,
        null,
        null,
        1,
        6,
        null,
        null,
        1,
        12,
        6,
        6,
        null,
        null,
        null,
        null,
        null
      ],
      "/Users/Fai/Desktop/deployment/reality_app/app/models/roster.rb": [
        null,
        null,
        null,
        null,
        null,
        null,
        null,
        null,
        null,
        null,
        null,
        1,
        1,
        1,
        1,
        null
      ],
      "/Users/Fai/Desktop/deployment/reality_app/app/models/round.rb": [
        null,
        null,
        null,
        null,
        null,
        null,
        null,
        null,
        null,
        1,
        1,
        1,
        null
      ],
      "/Users/Fai/Desktop/deployment/reality_app/app/models/show.rb": [
        null,
        null,
        null,
        null,
        null,
        null,
        null,
        null,
        null,
        null,
        null,
        null,
        null,
        null,
        null,
        1,
        1,
        1,
        1,
        1,
        null,
        null
      ],
      "/Users/Fai/Desktop/deployment/reality_app/app/models/user.rb": [
        null,
        null,
        null,
        null,
        null,
        null,
        null,
        null,
        null,
        null,
        null,
        null,
        null,
        null,
        null,
        1,
        null,
        1,
        null,
        1,
        1,
        1,
        1,
        1,
        null,
        1,
        1,
        1,
        1,
        1,
        null,
        null,
        null
      ]
    },
    "timestamp": 1408168473
  }
}
